

Started GET "/" for 209.2.229.18 at 2023-10-31 02:11:09 +0000


Started GET "/movies" for 209.2.229.18 at 2023-10-31 02:11:10 +0000
Processing by MoviesController#index as HTML
  [1m[36mMovie Load (1.4ms)[0m  [1mSELECT "movies".* FROM "movies"[0m
  Rendered movies/index.html.erb within layouts/application (16.4ms)
Completed 500 Internal Server Error in 45ms (ActiveRecord: 1.4ms)

ActionView::Template::Error (SQLite3::SQLException: no such table: movies: SELECT "movies".* FROM "movies"):
    13:     </tr>
    14:   </thead>
    15:   <tbody>
    16:     <% @movies.each do |movie| %>
    17:       <tr>
    18:         <td>
    19:           <%= movie.title %>
  app/views/movies/index.html.erb:16:in `_app_views_movies_index_html_erb__2276695496584102866_70337878663680'


  Rendered /var/lib/gems/2.6.0/gems/actionpack-4.2.10/lib/action_dispatch/middleware/templates/rescues/_source.erb (17.3ms)
  Rendered /var/lib/gems/2.6.0/gems/actionpack-4.2.10/lib/action_dispatch/middleware/templates/rescues/_trace.html.erb (2.9ms)
  Rendered /var/lib/gems/2.6.0/gems/actionpack-4.2.10/lib/action_dispatch/middleware/templates/rescues/_request_and_response.html.erb (6.6ms)
  Rendered /var/lib/gems/2.6.0/gems/actionpack-4.2.10/lib/action_dispatch/middleware/templates/rescues/template_error.html.erb within rescues/layout (36.3ms)


Started GET "/movies" for 209.2.229.18 at 2023-10-31 02:13:16 +0000
Processing by MoviesController#index as HTML
  Rendered movies/index.html.erb within layouts/application (1.2ms)
  Rendered layouts/_flash.erb (0.4ms)
Completed 200 OK in 358ms (Views: 336.8ms | ActiveRecord: 0.0ms)


Started GET "/assets/jquery_ujs.self-e87806d0cf4489aeb1bb7288016024e8de67fd18db693fe026fe3907581e53cd.js?body=1" for 209.2.229.18 at 2023-10-31 02:13:17 +0000


Started GET "/assets/application.self-e80e8f2318043e8af94dddc2adad5a4f09739a8ebb323b3ab31cd71d45fd9113.css?body=1" for 209.2.229.18 at 2023-10-31 02:13:17 +0000


Started GET "/assets/jquery.self-660adc51e0224b731d29f575a6f1ec167ba08ad06ed5deca4f1e8654c135bf4c.js?body=1" for 209.2.229.18 at 2023-10-31 02:13:17 +0000


Started GET "/assets/application.self-377610cd7c1509e934744c810e3b4cf672dfbcacac3274e7d039827e2ae0fcc7.js?body=1" for 209.2.229.18 at 2023-10-31 02:13:17 +0000


Started GET "/movies" for 209.2.229.18 at 2023-10-31 02:13:57 +0000
Processing by MoviesController#index as HTML
  Rendered movies/index.html.erb within layouts/application (0.0ms)
  Rendered layouts/_flash.erb (0.1ms)
Completed 200 OK in 14ms (Views: 13.4ms | ActiveRecord: 0.0ms)


Started GET "/movies" for 209.2.229.18 at 2023-10-31 02:17:28 +0000
Processing by MoviesController#index as HTML
  Rendered movies/index.html.erb within layouts/application (0.1ms)
  Rendered layouts/_flash.erb (0.1ms)
Completed 200 OK in 28ms (Views: 27.7ms | ActiveRecord: 0.0ms)


Started GET "/movies" for 209.2.229.18 at 2023-10-31 02:19:46 +0000
Processing by MoviesController#index as HTML
  Rendered movies/index.html.erb within layouts/application (0.0ms)
  Rendered layouts/_flash.erb (0.1ms)
Completed 200 OK in 26ms (Views: 25.9ms | ActiveRecord: 0.0ms)


Started GET "/movies" for 209.2.229.18 at 2023-10-31 02:19:57 +0000
Processing by MoviesController#index as HTML
  Rendered movies/index.html.erb within layouts/application (0.0ms)
  Rendered layouts/_flash.erb (0.1ms)
Completed 200 OK in 15ms (Views: 15.2ms | ActiveRecord: 0.0ms)


Started GET "/movies" for 209.2.229.18 at 2023-10-31 02:20:14 +0000
Processing by MoviesController#index as HTML
  Rendered movies/index.html.erb within layouts/application (0.0ms)
  Rendered layouts/_flash.erb (0.1ms)
Completed 200 OK in 16ms (Views: 15.6ms | ActiveRecord: 0.0ms)


Started GET "/movies" for 209.2.229.18 at 2023-10-31 02:20:31 +0000
Processing by MoviesController#index as HTML
  Rendered movies/index.html.erb within layouts/application (0.0ms)
  Rendered layouts/_flash.erb (0.1ms)
Completed 200 OK in 8ms (Views: 7.7ms | ActiveRecord: 0.0ms)


Started GET "/movies" for 209.2.229.18 at 2023-10-31 02:37:07 +0000
Processing by MoviesController#index as HTML
  Rendered movies/index.html.erb within layouts/application (0.4ms)
  Rendered layouts/_flash.erb (0.1ms)
Completed 200 OK in 20ms (Views: 19.5ms | ActiveRecord: 0.0ms)


Started GET "/movies" for 209.2.229.18 at 2023-10-31 02:37:26 +0000
Processing by MoviesController#index as HTML
  Rendered movies/index.html.erb within layouts/application (0.3ms)
  Rendered layouts/_flash.erb (1.3ms)
Completed 200 OK in 12ms (Views: 11.7ms | ActiveRecord: 0.0ms)


Started GET "/movies" for 209.2.229.18 at 2023-10-31 02:38:54 +0000
Processing by MoviesController#index as HTML
  Rendered movies/index.html.erb within layouts/application (2.4ms)
  Rendered layouts/_flash.erb (0.1ms)
Completed 200 OK in 29ms (Views: 29.0ms | ActiveRecord: 0.0ms)


Started GET "/movies" for 209.2.229.18 at 2023-10-31 02:39:02 +0000
Processing by MoviesController#index as HTML
  Rendered movies/index.html.erb within layouts/application (0.9ms)
  Rendered layouts/_flash.erb (0.1ms)
Completed 200 OK in 22ms (Views: 21.4ms | ActiveRecord: 0.0ms)


Started GET "/movies" for 209.2.229.18 at 2023-10-31 02:43:35 +0000
Processing by MoviesController#index as HTML
  Rendered movies/index.html.erb within layouts/application (0.5ms)
  Rendered layouts/_flash.erb (0.1ms)
Completed 200 OK in 30ms (Views: 29.5ms | ActiveRecord: 0.0ms)


Started GET "/movies" for 209.2.229.18 at 2023-10-31 02:43:43 +0000
Processing by MoviesController#index as HTML
  Rendered movies/index.html.erb within layouts/application (1.5ms)
  Rendered layouts/_flash.erb (0.1ms)
Completed 200 OK in 14ms (Views: 13.3ms | ActiveRecord: 0.0ms)


Started GET "/movies" for 209.2.229.18 at 2023-10-31 02:43:44 +0000
Processing by MoviesController#index as HTML
  Rendered movies/index.html.erb within layouts/application (0.2ms)
  Rendered layouts/_flash.erb (0.1ms)
Completed 200 OK in 11ms (Views: 11.1ms | ActiveRecord: 0.0ms)


Started GET "/movies" for 209.2.229.18 at 2023-10-31 02:43:46 +0000
Processing by MoviesController#index as HTML
  Rendered movies/index.html.erb within layouts/application (0.1ms)
  Rendered layouts/_flash.erb (0.1ms)
Completed 200 OK in 8ms (Views: 8.3ms | ActiveRecord: 0.0ms)


Started GET "/movies" for 209.2.229.18 at 2023-10-31 02:46:55 +0000
Processing by MoviesController#index as HTML
  Rendered movies/index.html.erb within layouts/application (0.5ms)
  Rendered layouts/_flash.erb (0.1ms)
Completed 200 OK in 8ms (Views: 8.0ms | ActiveRecord: 0.0ms)


Started GET "/movies" for 209.2.229.18 at 2023-10-31 02:54:36 +0000
Processing by MoviesController#index as HTML
  [1m[36mMovie Load (44.3ms)[0m  [1mSELECT "movies".* FROM "movies"[0m
  Rendered movies/index.html.erb within layouts/application (284.6ms)
Completed 500 Internal Server Error in 286ms (ActiveRecord: 44.3ms)

ActionView::Template::Error (undefined local variable or method `applicant_path' for #<#<Class:0x00007ff534850350>:0x00007ff530521778>):
    3: <p>Upload your Resume!</p>
    4: 
    5: <div class="row">
    6:   <%= link_to 'Continue', applicant_path, :class => 'btn btn-primary col-2' %>
    7: </div>
  app/views/movies/index.html.erb:6:in `_app_views_movies_index_html_erb__2785144476525193010_70345527198500'


  Rendered /var/lib/gems/2.6.0/gems/actionpack-4.2.10/lib/action_dispatch/middleware/templates/rescues/_source.erb (5.7ms)
  Rendered /var/lib/gems/2.6.0/gems/actionpack-4.2.10/lib/action_dispatch/middleware/templates/rescues/_trace.html.erb (2.6ms)
  Rendered /var/lib/gems/2.6.0/gems/actionpack-4.2.10/lib/action_dispatch/middleware/templates/rescues/_request_and_response.html.erb (1.1ms)
  Rendered /var/lib/gems/2.6.0/gems/actionpack-4.2.10/lib/action_dispatch/middleware/templates/rescues/template_error.html.erb within rescues/layout (16.6ms)


Started GET "/" for 209.2.229.18 at 2023-10-31 02:59:52 +0000


Started GET "/resume" for 209.2.229.18 at 2023-10-31 02:59:53 +0000

ActionController::RoutingError (No route matches [GET] "/resume"):
  actionpack (4.2.10) lib/action_dispatch/middleware/debug_exceptions.rb:21:in `call'
  actionpack (4.2.10) lib/action_dispatch/middleware/show_exceptions.rb:30:in `call'
  railties (4.2.10) lib/rails/rack/logger.rb:38:in `call_app'
  railties (4.2.10) lib/rails/rack/logger.rb:20:in `block in call'
  activesupport (4.2.10) lib/active_support/tagged_logging.rb:68:in `block in tagged'
  activesupport (4.2.10) lib/active_support/tagged_logging.rb:26:in `tagged'
  activesupport (4.2.10) lib/active_support/tagged_logging.rb:68:in `tagged'
  railties (4.2.10) lib/rails/rack/logger.rb:20:in `call'
  actionpack (4.2.10) lib/action_dispatch/middleware/request_id.rb:21:in `call'
  rack (1.6.10) lib/rack/methodoverride.rb:22:in `call'
  rack (1.6.10) lib/rack/runtime.rb:18:in `call'
  activesupport (4.2.10) lib/active_support/cache/strategy/local_cache_middleware.rb:28:in `call'
  rack (1.6.10) lib/rack/lock.rb:17:in `call'
  actionpack (4.2.10) lib/action_dispatch/middleware/static.rb:120:in `call'
  rack (1.6.10) lib/rack/sendfile.rb:113:in `call'
  railties (4.2.10) lib/rails/engine.rb:518:in `call'
  railties (4.2.10) lib/rails/application.rb:165:in `call'
  railties (4.2.10) lib/rails/railtie.rb:194:in `public_send'
  railties (4.2.10) lib/rails/railtie.rb:194:in `method_missing'
  rack (1.6.10) lib/rack/tempfile_reaper.rb:15:in `call'
  rack (1.6.10) lib/rack/lint.rb:49:in `_call'
  rack (1.6.10) lib/rack/lint.rb:37:in `call'
  rack (1.6.10) lib/rack/showexceptions.rb:24:in `call'
  rack (1.6.10) lib/rack/commonlogger.rb:33:in `call'
  rack (1.6.10) lib/rack/chunked.rb:54:in `call'
  rack (1.6.10) lib/rack/content_length.rb:15:in `call'
  rack (1.6.10) lib/rack/handler/webrick.rb:88:in `service'
  /usr/lib/ruby/2.6.0/webrick/httpserver.rb:140:in `service'
  /usr/lib/ruby/2.6.0/webrick/httpserver.rb:96:in `run'
  /usr/lib/ruby/2.6.0/webrick/server.rb:307:in `block in start_thread'


  Rendered /var/lib/gems/2.6.0/gems/actionpack-4.2.10/lib/action_dispatch/middleware/templates/rescues/_trace.html.erb (1.3ms)
  Rendered /var/lib/gems/2.6.0/gems/actionpack-4.2.10/lib/action_dispatch/middleware/templates/routes/_route.html.erb (0.9ms)
  Rendered /var/lib/gems/2.6.0/gems/actionpack-4.2.10/lib/action_dispatch/middleware/templates/routes/_table.html.erb (7.1ms)
  Rendered /var/lib/gems/2.6.0/gems/actionpack-4.2.10/lib/action_dispatch/middleware/templates/rescues/_request_and_response.html.erb (7.3ms)
  Rendered /var/lib/gems/2.6.0/gems/actionpack-4.2.10/lib/action_dispatch/middleware/templates/rescues/routing_error.html.erb within rescues/layout (31.9ms)


Started GET "/resume" for 209.2.229.18 at 2023-10-31 03:02:55 +0000

ActionController::RoutingError (uninitialized constant ResumeController):
  activesupport (4.2.10) lib/active_support/inflector/methods.rb:261:in `const_get'
  activesupport (4.2.10) lib/active_support/inflector/methods.rb:261:in `block in constantize'
  activesupport (4.2.10) lib/active_support/inflector/methods.rb:259:in `each'
  activesupport (4.2.10) lib/active_support/inflector/methods.rb:259:in `inject'
  activesupport (4.2.10) lib/active_support/inflector/methods.rb:259:in `constantize'
  actionpack (4.2.10) lib/action_dispatch/routing/route_set.rb:70:in `controller_reference'
  actionpack (4.2.10) lib/action_dispatch/routing/route_set.rb:60:in `controller'
  actionpack (4.2.10) lib/action_dispatch/routing/route_set.rb:39:in `serve'
  actionpack (4.2.10) lib/action_dispatch/journey/router.rb:43:in `block in serve'
  actionpack (4.2.10) lib/action_dispatch/journey/router.rb:30:in `each'
  actionpack (4.2.10) lib/action_dispatch/journey/router.rb:30:in `serve'
  actionpack (4.2.10) lib/action_dispatch/routing/route_set.rb:817:in `call'
  rack (1.6.10) lib/rack/etag.rb:24:in `call'
  rack (1.6.10) lib/rack/conditionalget.rb:25:in `call'
  rack (1.6.10) lib/rack/head.rb:13:in `call'
  actionpack (4.2.10) lib/action_dispatch/middleware/params_parser.rb:27:in `call'
  actionpack (4.2.10) lib/action_dispatch/middleware/flash.rb:260:in `call'
  rack (1.6.10) lib/rack/session/abstract/id.rb:225:in `context'
  rack (1.6.10) lib/rack/session/abstract/id.rb:220:in `call'
  actionpack (4.2.10) lib/action_dispatch/middleware/cookies.rb:560:in `call'
  activerecord (4.2.10) lib/active_record/query_cache.rb:36:in `call'
  activerecord (4.2.10) lib/active_record/connection_adapters/abstract/connection_pool.rb:653:in `call'
  actionpack (4.2.10) lib/action_dispatch/middleware/callbacks.rb:29:in `block in call'
  activesupport (4.2.10) lib/active_support/callbacks.rb:88:in `__run_callbacks__'
  activesupport (4.2.10) lib/active_support/callbacks.rb:778:in `_run_call_callbacks'
  activesupport (4.2.10) lib/active_support/callbacks.rb:81:in `run_callbacks'
  actionpack (4.2.10) lib/action_dispatch/middleware/callbacks.rb:27:in `call'
  actionpack (4.2.10) lib/action_dispatch/middleware/reloader.rb:73:in `call'
  actionpack (4.2.10) lib/action_dispatch/middleware/remote_ip.rb:78:in `call'
  actionpack (4.2.10) lib/action_dispatch/middleware/debug_exceptions.rb:17:in `call'
  actionpack (4.2.10) lib/action_dispatch/middleware/show_exceptions.rb:30:in `call'
  railties (4.2.10) lib/rails/rack/logger.rb:38:in `call_app'
  railties (4.2.10) lib/rails/rack/logger.rb:20:in `block in call'
  activesupport (4.2.10) lib/active_support/tagged_logging.rb:68:in `block in tagged'
  activesupport (4.2.10) lib/active_support/tagged_logging.rb:26:in `tagged'
  activesupport (4.2.10) lib/active_support/tagged_logging.rb:68:in `tagged'
  railties (4.2.10) lib/rails/rack/logger.rb:20:in `call'
  actionpack (4.2.10) lib/action_dispatch/middleware/request_id.rb:21:in `call'
  rack (1.6.10) lib/rack/methodoverride.rb:22:in `call'
  rack (1.6.10) lib/rack/runtime.rb:18:in `call'
  activesupport (4.2.10) lib/active_support/cache/strategy/local_cache_middleware.rb:28:in `call'
  rack (1.6.10) lib/rack/lock.rb:17:in `call'
  actionpack (4.2.10) lib/action_dispatch/middleware/static.rb:120:in `call'
  rack (1.6.10) lib/rack/sendfile.rb:113:in `call'
  railties (4.2.10) lib/rails/engine.rb:518:in `call'
  railties (4.2.10) lib/rails/application.rb:165:in `call'
  railties (4.2.10) lib/rails/railtie.rb:194:in `public_send'
  railties (4.2.10) lib/rails/railtie.rb:194:in `method_missing'
  rack (1.6.10) lib/rack/tempfile_reaper.rb:15:in `call'
  rack (1.6.10) lib/rack/lint.rb:49:in `_call'
  rack (1.6.10) lib/rack/lint.rb:37:in `call'
  rack (1.6.10) lib/rack/showexceptions.rb:24:in `call'
  rack (1.6.10) lib/rack/commonlogger.rb:33:in `call'
  rack (1.6.10) lib/rack/chunked.rb:54:in `call'
  rack (1.6.10) lib/rack/content_length.rb:15:in `call'
  rack (1.6.10) lib/rack/handler/webrick.rb:88:in `service'
  /usr/lib/ruby/2.6.0/webrick/httpserver.rb:140:in `service'
  /usr/lib/ruby/2.6.0/webrick/httpserver.rb:96:in `run'
  /usr/lib/ruby/2.6.0/webrick/server.rb:307:in `block in start_thread'


  Rendered /var/lib/gems/2.6.0/gems/actionpack-4.2.10/lib/action_dispatch/middleware/templates/rescues/_trace.html.erb (1.7ms)
  Rendered /var/lib/gems/2.6.0/gems/actionpack-4.2.10/lib/action_dispatch/middleware/templates/routes/_route.html.erb (0.5ms)
  Rendered /var/lib/gems/2.6.0/gems/actionpack-4.2.10/lib/action_dispatch/middleware/templates/routes/_table.html.erb (0.9ms)
  Rendered /var/lib/gems/2.6.0/gems/actionpack-4.2.10/lib/action_dispatch/middleware/templates/rescues/_request_and_response.html.erb (1.0ms)
  Rendered /var/lib/gems/2.6.0/gems/actionpack-4.2.10/lib/action_dispatch/middleware/templates/rescues/routing_error.html.erb within rescues/layout (13.2ms)


Started GET "/resume" for 209.2.229.18 at 2023-10-31 03:03:44 +0000

ActionController::RoutingError (uninitialized constant ResumeController):
  activesupport (4.2.10) lib/active_support/inflector/methods.rb:261:in `const_get'
  activesupport (4.2.10) lib/active_support/inflector/methods.rb:261:in `block in constantize'
  activesupport (4.2.10) lib/active_support/inflector/methods.rb:259:in `each'
  activesupport (4.2.10) lib/active_support/inflector/methods.rb:259:in `inject'
  activesupport (4.2.10) lib/active_support/inflector/methods.rb:259:in `constantize'
  actionpack (4.2.10) lib/action_dispatch/routing/route_set.rb:70:in `controller_reference'
  actionpack (4.2.10) lib/action_dispatch/routing/route_set.rb:60:in `controller'
  actionpack (4.2.10) lib/action_dispatch/routing/route_set.rb:39:in `serve'
  actionpack (4.2.10) lib/action_dispatch/journey/router.rb:43:in `block in serve'
  actionpack (4.2.10) lib/action_dispatch/journey/router.rb:30:in `each'
  actionpack (4.2.10) lib/action_dispatch/journey/router.rb:30:in `serve'
  actionpack (4.2.10) lib/action_dispatch/routing/route_set.rb:817:in `call'
  rack (1.6.10) lib/rack/etag.rb:24:in `call'
  rack (1.6.10) lib/rack/conditionalget.rb:25:in `call'
  rack (1.6.10) lib/rack/head.rb:13:in `call'
  actionpack (4.2.10) lib/action_dispatch/middleware/params_parser.rb:27:in `call'
  actionpack (4.2.10) lib/action_dispatch/middleware/flash.rb:260:in `call'
  rack (1.6.10) lib/rack/session/abstract/id.rb:225:in `context'
  rack (1.6.10) lib/rack/session/abstract/id.rb:220:in `call'
  actionpack (4.2.10) lib/action_dispatch/middleware/cookies.rb:560:in `call'
  activerecord (4.2.10) lib/active_record/query_cache.rb:36:in `call'
  activerecord (4.2.10) lib/active_record/connection_adapters/abstract/connection_pool.rb:653:in `call'
  actionpack (4.2.10) lib/action_dispatch/middleware/callbacks.rb:29:in `block in call'
  activesupport (4.2.10) lib/active_support/callbacks.rb:88:in `__run_callbacks__'
  activesupport (4.2.10) lib/active_support/callbacks.rb:778:in `_run_call_callbacks'
  activesupport (4.2.10) lib/active_support/callbacks.rb:81:in `run_callbacks'
  actionpack (4.2.10) lib/action_dispatch/middleware/callbacks.rb:27:in `call'
  actionpack (4.2.10) lib/action_dispatch/middleware/reloader.rb:73:in `call'
  actionpack (4.2.10) lib/action_dispatch/middleware/remote_ip.rb:78:in `call'
  actionpack (4.2.10) lib/action_dispatch/middleware/debug_exceptions.rb:17:in `call'
  actionpack (4.2.10) lib/action_dispatch/middleware/show_exceptions.rb:30:in `call'
  railties (4.2.10) lib/rails/rack/logger.rb:38:in `call_app'
  railties (4.2.10) lib/rails/rack/logger.rb:20:in `block in call'
  activesupport (4.2.10) lib/active_support/tagged_logging.rb:68:in `block in tagged'
  activesupport (4.2.10) lib/active_support/tagged_logging.rb:26:in `tagged'
  activesupport (4.2.10) lib/active_support/tagged_logging.rb:68:in `tagged'
  railties (4.2.10) lib/rails/rack/logger.rb:20:in `call'
  actionpack (4.2.10) lib/action_dispatch/middleware/request_id.rb:21:in `call'
  rack (1.6.10) lib/rack/methodoverride.rb:22:in `call'
  rack (1.6.10) lib/rack/runtime.rb:18:in `call'
  activesupport (4.2.10) lib/active_support/cache/strategy/local_cache_middleware.rb:28:in `call'
  rack (1.6.10) lib/rack/lock.rb:17:in `call'
  actionpack (4.2.10) lib/action_dispatch/middleware/static.rb:120:in `call'
  rack (1.6.10) lib/rack/sendfile.rb:113:in `call'
  railties (4.2.10) lib/rails/engine.rb:518:in `call'
  railties (4.2.10) lib/rails/application.rb:165:in `call'
  railties (4.2.10) lib/rails/railtie.rb:194:in `public_send'
  railties (4.2.10) lib/rails/railtie.rb:194:in `method_missing'
  rack (1.6.10) lib/rack/tempfile_reaper.rb:15:in `call'
  rack (1.6.10) lib/rack/lint.rb:49:in `_call'
  rack (1.6.10) lib/rack/lint.rb:37:in `call'
  rack (1.6.10) lib/rack/showexceptions.rb:24:in `call'
  rack (1.6.10) lib/rack/commonlogger.rb:33:in `call'
  rack (1.6.10) lib/rack/chunked.rb:54:in `call'
  rack (1.6.10) lib/rack/content_length.rb:15:in `call'
  rack (1.6.10) lib/rack/handler/webrick.rb:88:in `service'
  /usr/lib/ruby/2.6.0/webrick/httpserver.rb:140:in `service'
  /usr/lib/ruby/2.6.0/webrick/httpserver.rb:96:in `run'
  /usr/lib/ruby/2.6.0/webrick/server.rb:307:in `block in start_thread'


  Rendered /var/lib/gems/2.6.0/gems/actionpack-4.2.10/lib/action_dispatch/middleware/templates/rescues/_trace.html.erb (2.1ms)
  Rendered /var/lib/gems/2.6.0/gems/actionpack-4.2.10/lib/action_dispatch/middleware/templates/routes/_route.html.erb (0.7ms)
  Rendered /var/lib/gems/2.6.0/gems/actionpack-4.2.10/lib/action_dispatch/middleware/templates/routes/_table.html.erb (1.3ms)
  Rendered /var/lib/gems/2.6.0/gems/actionpack-4.2.10/lib/action_dispatch/middleware/templates/rescues/_request_and_response.html.erb (1.4ms)
  Rendered /var/lib/gems/2.6.0/gems/actionpack-4.2.10/lib/action_dispatch/middleware/templates/rescues/routing_error.html.erb within rescues/layout (17.4ms)


Started GET "/resume" for 209.2.229.18 at 2023-10-31 03:05:06 +0000
Processing by ResumeController#show as HTML
Completed 500 Internal Server Error in 29ms (ActiveRecord: 0.0ms)

ActionView::MissingTemplate (Missing template resume/show, application/show with {:locale=>[:en], :formats=>[:html], :variants=>[], :handlers=>[:erb, :builder, :raw, :ruby]}. Searched in:
  * "/home/codio/workspace/Iteration/app/views"
):
  actionview (4.2.10) lib/action_view/path_set.rb:46:in `find'
  actionview (4.2.10) lib/action_view/lookup_context.rb:121:in `find'
  actionview (4.2.10) lib/action_view/renderer/abstract_renderer.rb:18:in `find_template'
  actionview (4.2.10) lib/action_view/renderer/template_renderer.rb:40:in `determine_template'
  actionview (4.2.10) lib/action_view/renderer/template_renderer.rb:8:in `render'
  actionview (4.2.10) lib/action_view/renderer/renderer.rb:46:in `render_template'
  actionview (4.2.10) lib/action_view/renderer/renderer.rb:27:in `render'
  actionview (4.2.10) lib/action_view/rendering.rb:100:in `_render_template'
  actionpack (4.2.10) lib/action_controller/metal/streaming.rb:217:in `_render_template'
  actionview (4.2.10) lib/action_view/rendering.rb:83:in `render_to_body'
  actionpack (4.2.10) lib/action_controller/metal/rendering.rb:32:in `render_to_body'
  actionpack (4.2.10) lib/action_controller/metal/renderers.rb:37:in `render_to_body'
  actionpack (4.2.10) lib/abstract_controller/rendering.rb:25:in `render'
  actionpack (4.2.10) lib/action_controller/metal/rendering.rb:16:in `render'
  actionpack (4.2.10) lib/action_controller/metal/instrumentation.rb:44:in `block (2 levels) in render'
  activesupport (4.2.10) lib/active_support/core_ext/benchmark.rb:12:in `block in ms'
  /usr/lib/ruby/2.6.0/benchmark.rb:308:in `realtime'
  activesupport (4.2.10) lib/active_support/core_ext/benchmark.rb:12:in `ms'
  actionpack (4.2.10) lib/action_controller/metal/instrumentation.rb:44:in `block in render'
  actionpack (4.2.10) lib/action_controller/metal/instrumentation.rb:87:in `cleanup_view_runtime'
  activerecord (4.2.10) lib/active_record/railties/controller_runtime.rb:25:in `cleanup_view_runtime'
  actionpack (4.2.10) lib/action_controller/metal/instrumentation.rb:43:in `render'
  actionpack (4.2.10) lib/action_controller/metal/implicit_render.rb:10:in `default_render'
  actionpack (4.2.10) lib/action_controller/metal/implicit_render.rb:5:in `send_action'
  actionpack (4.2.10) lib/abstract_controller/base.rb:198:in `process_action'
  actionpack (4.2.10) lib/action_controller/metal/rendering.rb:10:in `process_action'
  actionpack (4.2.10) lib/abstract_controller/callbacks.rb:20:in `block in process_action'
  activesupport (4.2.10) lib/active_support/callbacks.rb:117:in `call'
  activesupport (4.2.10) lib/active_support/callbacks.rb:555:in `block (2 levels) in compile'
  activesupport (4.2.10) lib/active_support/callbacks.rb:505:in `call'
  activesupport (4.2.10) lib/active_support/callbacks.rb:92:in `__run_callbacks__'
  activesupport (4.2.10) lib/active_support/callbacks.rb:778:in `_run_process_action_callbacks'
  activesupport (4.2.10) lib/active_support/callbacks.rb:81:in `run_callbacks'
  actionpack (4.2.10) lib/abstract_controller/callbacks.rb:19:in `process_action'
  actionpack (4.2.10) lib/action_controller/metal/rescue.rb:29:in `process_action'
  actionpack (4.2.10) lib/action_controller/metal/instrumentation.rb:32:in `block in process_action'
  activesupport (4.2.10) lib/active_support/notifications.rb:164:in `block in instrument'
  activesupport (4.2.10) lib/active_support/notifications/instrumenter.rb:20:in `instrument'
  activesupport (4.2.10) lib/active_support/notifications.rb:164:in `instrument'
  actionpack (4.2.10) lib/action_controller/metal/instrumentation.rb:30:in `process_action'
  actionpack (4.2.10) lib/action_controller/metal/params_wrapper.rb:250:in `process_action'
  activerecord (4.2.10) lib/active_record/railties/controller_runtime.rb:18:in `process_action'
  actionpack (4.2.10) lib/abstract_controller/base.rb:137:in `process'
  actionview (4.2.10) lib/action_view/rendering.rb:30:in `process'
  actionpack (4.2.10) lib/action_controller/metal.rb:196:in `dispatch'
  actionpack (4.2.10) lib/action_controller/metal/rack_delegation.rb:13:in `dispatch'
  actionpack (4.2.10) lib/action_controller/metal.rb:237:in `block in action'
  actionpack (4.2.10) lib/action_dispatch/routing/route_set.rb:74:in `dispatch'
  actionpack (4.2.10) lib/action_dispatch/routing/route_set.rb:43:in `serve'
  actionpack (4.2.10) lib/action_dispatch/journey/router.rb:43:in `block in serve'
  actionpack (4.2.10) lib/action_dispatch/journey/router.rb:30:in `each'
  actionpack (4.2.10) lib/action_dispatch/journey/router.rb:30:in `serve'
  actionpack (4.2.10) lib/action_dispatch/routing/route_set.rb:817:in `call'
  rack (1.6.10) lib/rack/etag.rb:24:in `call'
  rack (1.6.10) lib/rack/conditionalget.rb:25:in `call'
  rack (1.6.10) lib/rack/head.rb:13:in `call'
  actionpack (4.2.10) lib/action_dispatch/middleware/params_parser.rb:27:in `call'
  actionpack (4.2.10) lib/action_dispatch/middleware/flash.rb:260:in `call'
  rack (1.6.10) lib/rack/session/abstract/id.rb:225:in `context'
  rack (1.6.10) lib/rack/session/abstract/id.rb:220:in `call'
  actionpack (4.2.10) lib/action_dispatch/middleware/cookies.rb:560:in `call'
  activerecord (4.2.10) lib/active_record/query_cache.rb:36:in `call'
  activerecord (4.2.10) lib/active_record/connection_adapters/abstract/connection_pool.rb:653:in `call'
  actionpack (4.2.10) lib/action_dispatch/middleware/callbacks.rb:29:in `block in call'
  activesupport (4.2.10) lib/active_support/callbacks.rb:88:in `__run_callbacks__'
  activesupport (4.2.10) lib/active_support/callbacks.rb:778:in `_run_call_callbacks'
  activesupport (4.2.10) lib/active_support/callbacks.rb:81:in `run_callbacks'
  actionpack (4.2.10) lib/action_dispatch/middleware/callbacks.rb:27:in `call'
  actionpack (4.2.10) lib/action_dispatch/middleware/reloader.rb:73:in `call'
  actionpack (4.2.10) lib/action_dispatch/middleware/remote_ip.rb:78:in `call'
  actionpack (4.2.10) lib/action_dispatch/middleware/debug_exceptions.rb:17:in `call'
  actionpack (4.2.10) lib/action_dispatch/middleware/show_exceptions.rb:30:in `call'
  railties (4.2.10) lib/rails/rack/logger.rb:38:in `call_app'
  railties (4.2.10) lib/rails/rack/logger.rb:20:in `block in call'
  activesupport (4.2.10) lib/active_support/tagged_logging.rb:68:in `block in tagged'
  activesupport (4.2.10) lib/active_support/tagged_logging.rb:26:in `tagged'
  activesupport (4.2.10) lib/active_support/tagged_logging.rb:68:in `tagged'
  railties (4.2.10) lib/rails/rack/logger.rb:20:in `call'
  actionpack (4.2.10) lib/action_dispatch/middleware/request_id.rb:21:in `call'
  rack (1.6.10) lib/rack/methodoverride.rb:22:in `call'
  rack (1.6.10) lib/rack/runtime.rb:18:in `call'
  activesupport (4.2.10) lib/active_support/cache/strategy/local_cache_middleware.rb:28:in `call'
  rack (1.6.10) lib/rack/lock.rb:17:in `call'
  actionpack (4.2.10) lib/action_dispatch/middleware/static.rb:120:in `call'
  rack (1.6.10) lib/rack/sendfile.rb:113:in `call'
  railties (4.2.10) lib/rails/engine.rb:518:in `call'
  railties (4.2.10) lib/rails/application.rb:165:in `call'
  railties (4.2.10) lib/rails/railtie.rb:194:in `public_send'
  railties (4.2.10) lib/rails/railtie.rb:194:in `method_missing'
  rack (1.6.10) lib/rack/tempfile_reaper.rb:15:in `call'
  rack (1.6.10) lib/rack/lint.rb:49:in `_call'
  rack (1.6.10) lib/rack/lint.rb:37:in `call'
  rack (1.6.10) lib/rack/showexceptions.rb:24:in `call'
  rack (1.6.10) lib/rack/commonlogger.rb:33:in `call'
  rack (1.6.10) lib/rack/chunked.rb:54:in `call'
  rack (1.6.10) lib/rack/content_length.rb:15:in `call'
  rack (1.6.10) lib/rack/handler/webrick.rb:88:in `service'
  /usr/lib/ruby/2.6.0/webrick/httpserver.rb:140:in `service'
  /usr/lib/ruby/2.6.0/webrick/httpserver.rb:96:in `run'
  /usr/lib/ruby/2.6.0/webrick/server.rb:307:in `block in start_thread'


  Rendered /var/lib/gems/2.6.0/gems/actionpack-4.2.10/lib/action_dispatch/middleware/templates/rescues/_source.erb (5.0ms)
  Rendered /var/lib/gems/2.6.0/gems/actionpack-4.2.10/lib/action_dispatch/middleware/templates/rescues/_trace.html.erb (2.2ms)
  Rendered /var/lib/gems/2.6.0/gems/actionpack-4.2.10/lib/action_dispatch/middleware/templates/rescues/_request_and_response.html.erb (6.7ms)
  Rendered /var/lib/gems/2.6.0/gems/actionpack-4.2.10/lib/action_dispatch/middleware/templates/rescues/missing_template.html.erb within rescues/layout (22.0ms)


Started GET "/resume" for 209.2.229.18 at 2023-10-31 03:06:21 +0000
Processing by ResumeController#show as HTML
Completed 500 Internal Server Error in 1ms (ActiveRecord: 0.0ms)

ActionView::MissingTemplate (Missing template resume/show, application/show with {:locale=>[:en], :formats=>[:html], :variants=>[], :handlers=>[:erb, :builder, :raw, :ruby]}. Searched in:
  * "/home/codio/workspace/Iteration/app/views"
):
  actionview (4.2.10) lib/action_view/path_set.rb:46:in `find'
  actionview (4.2.10) lib/action_view/lookup_context.rb:121:in `find'
  actionview (4.2.10) lib/action_view/renderer/abstract_renderer.rb:18:in `find_template'
  actionview (4.2.10) lib/action_view/renderer/template_renderer.rb:40:in `determine_template'
  actionview (4.2.10) lib/action_view/renderer/template_renderer.rb:8:in `render'
  actionview (4.2.10) lib/action_view/renderer/renderer.rb:46:in `render_template'
  actionview (4.2.10) lib/action_view/renderer/renderer.rb:27:in `render'
  actionview (4.2.10) lib/action_view/rendering.rb:100:in `_render_template'
  actionpack (4.2.10) lib/action_controller/metal/streaming.rb:217:in `_render_template'
  actionview (4.2.10) lib/action_view/rendering.rb:83:in `render_to_body'
  actionpack (4.2.10) lib/action_controller/metal/rendering.rb:32:in `render_to_body'
  actionpack (4.2.10) lib/action_controller/metal/renderers.rb:37:in `render_to_body'
  actionpack (4.2.10) lib/abstract_controller/rendering.rb:25:in `render'
  actionpack (4.2.10) lib/action_controller/metal/rendering.rb:16:in `render'
  actionpack (4.2.10) lib/action_controller/metal/instrumentation.rb:44:in `block (2 levels) in render'
  activesupport (4.2.10) lib/active_support/core_ext/benchmark.rb:12:in `block in ms'
  /usr/lib/ruby/2.6.0/benchmark.rb:308:in `realtime'
  activesupport (4.2.10) lib/active_support/core_ext/benchmark.rb:12:in `ms'
  actionpack (4.2.10) lib/action_controller/metal/instrumentation.rb:44:in `block in render'
  actionpack (4.2.10) lib/action_controller/metal/instrumentation.rb:87:in `cleanup_view_runtime'
  activerecord (4.2.10) lib/active_record/railties/controller_runtime.rb:25:in `cleanup_view_runtime'
  actionpack (4.2.10) lib/action_controller/metal/instrumentation.rb:43:in `render'
  actionpack (4.2.10) lib/action_controller/metal/implicit_render.rb:10:in `default_render'
  actionpack (4.2.10) lib/action_controller/metal/implicit_render.rb:5:in `send_action'
  actionpack (4.2.10) lib/abstract_controller/base.rb:198:in `process_action'
  actionpack (4.2.10) lib/action_controller/metal/rendering.rb:10:in `process_action'
  actionpack (4.2.10) lib/abstract_controller/callbacks.rb:20:in `block in process_action'
  activesupport (4.2.10) lib/active_support/callbacks.rb:117:in `call'
  activesupport (4.2.10) lib/active_support/callbacks.rb:555:in `block (2 levels) in compile'
  activesupport (4.2.10) lib/active_support/callbacks.rb:505:in `call'
  activesupport (4.2.10) lib/active_support/callbacks.rb:92:in `__run_callbacks__'
  activesupport (4.2.10) lib/active_support/callbacks.rb:778:in `_run_process_action_callbacks'
  activesupport (4.2.10) lib/active_support/callbacks.rb:81:in `run_callbacks'
  actionpack (4.2.10) lib/abstract_controller/callbacks.rb:19:in `process_action'
  actionpack (4.2.10) lib/action_controller/metal/rescue.rb:29:in `process_action'
  actionpack (4.2.10) lib/action_controller/metal/instrumentation.rb:32:in `block in process_action'
  activesupport (4.2.10) lib/active_support/notifications.rb:164:in `block in instrument'
  activesupport (4.2.10) lib/active_support/notifications/instrumenter.rb:20:in `instrument'
  activesupport (4.2.10) lib/active_support/notifications.rb:164:in `instrument'
  actionpack (4.2.10) lib/action_controller/metal/instrumentation.rb:30:in `process_action'
  actionpack (4.2.10) lib/action_controller/metal/params_wrapper.rb:250:in `process_action'
  activerecord (4.2.10) lib/active_record/railties/controller_runtime.rb:18:in `process_action'
  actionpack (4.2.10) lib/abstract_controller/base.rb:137:in `process'
  actionview (4.2.10) lib/action_view/rendering.rb:30:in `process'
  actionpack (4.2.10) lib/action_controller/metal.rb:196:in `dispatch'
  actionpack (4.2.10) lib/action_controller/metal/rack_delegation.rb:13:in `dispatch'
  actionpack (4.2.10) lib/action_controller/metal.rb:237:in `block in action'
  actionpack (4.2.10) lib/action_dispatch/routing/route_set.rb:74:in `dispatch'
  actionpack (4.2.10) lib/action_dispatch/routing/route_set.rb:43:in `serve'
  actionpack (4.2.10) lib/action_dispatch/journey/router.rb:43:in `block in serve'
  actionpack (4.2.10) lib/action_dispatch/journey/router.rb:30:in `each'
  actionpack (4.2.10) lib/action_dispatch/journey/router.rb:30:in `serve'
  actionpack (4.2.10) lib/action_dispatch/routing/route_set.rb:817:in `call'
  rack (1.6.10) lib/rack/etag.rb:24:in `call'
  rack (1.6.10) lib/rack/conditionalget.rb:25:in `call'
  rack (1.6.10) lib/rack/head.rb:13:in `call'
  actionpack (4.2.10) lib/action_dispatch/middleware/params_parser.rb:27:in `call'
  actionpack (4.2.10) lib/action_dispatch/middleware/flash.rb:260:in `call'
  rack (1.6.10) lib/rack/session/abstract/id.rb:225:in `context'
  rack (1.6.10) lib/rack/session/abstract/id.rb:220:in `call'
  actionpack (4.2.10) lib/action_dispatch/middleware/cookies.rb:560:in `call'
  activerecord (4.2.10) lib/active_record/query_cache.rb:36:in `call'
  activerecord (4.2.10) lib/active_record/connection_adapters/abstract/connection_pool.rb:653:in `call'
  actionpack (4.2.10) lib/action_dispatch/middleware/callbacks.rb:29:in `block in call'
  activesupport (4.2.10) lib/active_support/callbacks.rb:88:in `__run_callbacks__'
  activesupport (4.2.10) lib/active_support/callbacks.rb:778:in `_run_call_callbacks'
  activesupport (4.2.10) lib/active_support/callbacks.rb:81:in `run_callbacks'
  actionpack (4.2.10) lib/action_dispatch/middleware/callbacks.rb:27:in `call'
  actionpack (4.2.10) lib/action_dispatch/middleware/reloader.rb:73:in `call'
  actionpack (4.2.10) lib/action_dispatch/middleware/remote_ip.rb:78:in `call'
  actionpack (4.2.10) lib/action_dispatch/middleware/debug_exceptions.rb:17:in `call'
  actionpack (4.2.10) lib/action_dispatch/middleware/show_exceptions.rb:30:in `call'
  railties (4.2.10) lib/rails/rack/logger.rb:38:in `call_app'
  railties (4.2.10) lib/rails/rack/logger.rb:20:in `block in call'
  activesupport (4.2.10) lib/active_support/tagged_logging.rb:68:in `block in tagged'
  activesupport (4.2.10) lib/active_support/tagged_logging.rb:26:in `tagged'
  activesupport (4.2.10) lib/active_support/tagged_logging.rb:68:in `tagged'
  railties (4.2.10) lib/rails/rack/logger.rb:20:in `call'
  actionpack (4.2.10) lib/action_dispatch/middleware/request_id.rb:21:in `call'
  rack (1.6.10) lib/rack/methodoverride.rb:22:in `call'
  rack (1.6.10) lib/rack/runtime.rb:18:in `call'
  activesupport (4.2.10) lib/active_support/cache/strategy/local_cache_middleware.rb:28:in `call'
  rack (1.6.10) lib/rack/lock.rb:17:in `call'
  actionpack (4.2.10) lib/action_dispatch/middleware/static.rb:120:in `call'
  rack (1.6.10) lib/rack/sendfile.rb:113:in `call'
  railties (4.2.10) lib/rails/engine.rb:518:in `call'
  railties (4.2.10) lib/rails/application.rb:165:in `call'
  railties (4.2.10) lib/rails/railtie.rb:194:in `public_send'
  railties (4.2.10) lib/rails/railtie.rb:194:in `method_missing'
  rack (1.6.10) lib/rack/tempfile_reaper.rb:15:in `call'
  rack (1.6.10) lib/rack/lint.rb:49:in `_call'
  rack (1.6.10) lib/rack/lint.rb:37:in `call'
  rack (1.6.10) lib/rack/showexceptions.rb:24:in `call'
  rack (1.6.10) lib/rack/commonlogger.rb:33:in `call'
  rack (1.6.10) lib/rack/chunked.rb:54:in `call'
  rack (1.6.10) lib/rack/content_length.rb:15:in `call'
  rack (1.6.10) lib/rack/handler/webrick.rb:88:in `service'
  /usr/lib/ruby/2.6.0/webrick/httpserver.rb:140:in `service'
  /usr/lib/ruby/2.6.0/webrick/httpserver.rb:96:in `run'
  /usr/lib/ruby/2.6.0/webrick/server.rb:307:in `block in start_thread'


  Rendered /var/lib/gems/2.6.0/gems/actionpack-4.2.10/lib/action_dispatch/middleware/templates/rescues/_source.erb (4.8ms)
  Rendered /var/lib/gems/2.6.0/gems/actionpack-4.2.10/lib/action_dispatch/middleware/templates/rescues/_trace.html.erb (2.1ms)
  Rendered /var/lib/gems/2.6.0/gems/actionpack-4.2.10/lib/action_dispatch/middleware/templates/rescues/_request_and_response.html.erb (0.9ms)
  Rendered /var/lib/gems/2.6.0/gems/actionpack-4.2.10/lib/action_dispatch/middleware/templates/rescues/missing_template.html.erb within rescues/layout (14.6ms)


Started GET "/resume" for 209.2.229.18 at 2023-10-31 03:07:25 +0000
Processing by ResumeController#show as HTML
Completed 500 Internal Server Error in 8ms (ActiveRecord: 0.0ms)

ActionView::MissingTemplate (Missing template resume/show, application/show with {:locale=>[:en], :formats=>[:html], :variants=>[], :handlers=>[:erb, :builder, :raw, :ruby]}. Searched in:
  * "/home/codio/workspace/Iteration/app/views"
):
  actionview (4.2.10) lib/action_view/path_set.rb:46:in `find'
  actionview (4.2.10) lib/action_view/lookup_context.rb:121:in `find'
  actionview (4.2.10) lib/action_view/renderer/abstract_renderer.rb:18:in `find_template'
  actionview (4.2.10) lib/action_view/renderer/template_renderer.rb:40:in `determine_template'
  actionview (4.2.10) lib/action_view/renderer/template_renderer.rb:8:in `render'
  actionview (4.2.10) lib/action_view/renderer/renderer.rb:46:in `render_template'
  actionview (4.2.10) lib/action_view/renderer/renderer.rb:27:in `render'
  actionview (4.2.10) lib/action_view/rendering.rb:100:in `_render_template'
  actionpack (4.2.10) lib/action_controller/metal/streaming.rb:217:in `_render_template'
  actionview (4.2.10) lib/action_view/rendering.rb:83:in `render_to_body'
  actionpack (4.2.10) lib/action_controller/metal/rendering.rb:32:in `render_to_body'
  actionpack (4.2.10) lib/action_controller/metal/renderers.rb:37:in `render_to_body'
  actionpack (4.2.10) lib/abstract_controller/rendering.rb:25:in `render'
  actionpack (4.2.10) lib/action_controller/metal/rendering.rb:16:in `render'
  actionpack (4.2.10) lib/action_controller/metal/instrumentation.rb:44:in `block (2 levels) in render'
  activesupport (4.2.10) lib/active_support/core_ext/benchmark.rb:12:in `block in ms'
  /usr/lib/ruby/2.6.0/benchmark.rb:308:in `realtime'
  activesupport (4.2.10) lib/active_support/core_ext/benchmark.rb:12:in `ms'
  actionpack (4.2.10) lib/action_controller/metal/instrumentation.rb:44:in `block in render'
  actionpack (4.2.10) lib/action_controller/metal/instrumentation.rb:87:in `cleanup_view_runtime'
  activerecord (4.2.10) lib/active_record/railties/controller_runtime.rb:25:in `cleanup_view_runtime'
  actionpack (4.2.10) lib/action_controller/metal/instrumentation.rb:43:in `render'
  actionpack (4.2.10) lib/action_controller/metal/implicit_render.rb:10:in `default_render'
  actionpack (4.2.10) lib/action_controller/metal/implicit_render.rb:5:in `send_action'
  actionpack (4.2.10) lib/abstract_controller/base.rb:198:in `process_action'
  actionpack (4.2.10) lib/action_controller/metal/rendering.rb:10:in `process_action'
  actionpack (4.2.10) lib/abstract_controller/callbacks.rb:20:in `block in process_action'
  activesupport (4.2.10) lib/active_support/callbacks.rb:117:in `call'
  activesupport (4.2.10) lib/active_support/callbacks.rb:555:in `block (2 levels) in compile'
  activesupport (4.2.10) lib/active_support/callbacks.rb:505:in `call'
  activesupport (4.2.10) lib/active_support/callbacks.rb:92:in `__run_callbacks__'
  activesupport (4.2.10) lib/active_support/callbacks.rb:778:in `_run_process_action_callbacks'
  activesupport (4.2.10) lib/active_support/callbacks.rb:81:in `run_callbacks'
  actionpack (4.2.10) lib/abstract_controller/callbacks.rb:19:in `process_action'
  actionpack (4.2.10) lib/action_controller/metal/rescue.rb:29:in `process_action'
  actionpack (4.2.10) lib/action_controller/metal/instrumentation.rb:32:in `block in process_action'
  activesupport (4.2.10) lib/active_support/notifications.rb:164:in `block in instrument'
  activesupport (4.2.10) lib/active_support/notifications/instrumenter.rb:20:in `instrument'
  activesupport (4.2.10) lib/active_support/notifications.rb:164:in `instrument'
  actionpack (4.2.10) lib/action_controller/metal/instrumentation.rb:30:in `process_action'
  actionpack (4.2.10) lib/action_controller/metal/params_wrapper.rb:250:in `process_action'
  activerecord (4.2.10) lib/active_record/railties/controller_runtime.rb:18:in `process_action'
  actionpack (4.2.10) lib/abstract_controller/base.rb:137:in `process'
  actionview (4.2.10) lib/action_view/rendering.rb:30:in `process'
  actionpack (4.2.10) lib/action_controller/metal.rb:196:in `dispatch'
  actionpack (4.2.10) lib/action_controller/metal/rack_delegation.rb:13:in `dispatch'
  actionpack (4.2.10) lib/action_controller/metal.rb:237:in `block in action'
  actionpack (4.2.10) lib/action_dispatch/routing/route_set.rb:74:in `dispatch'
  actionpack (4.2.10) lib/action_dispatch/routing/route_set.rb:43:in `serve'
  actionpack (4.2.10) lib/action_dispatch/journey/router.rb:43:in `block in serve'
  actionpack (4.2.10) lib/action_dispatch/journey/router.rb:30:in `each'
  actionpack (4.2.10) lib/action_dispatch/journey/router.rb:30:in `serve'
  actionpack (4.2.10) lib/action_dispatch/routing/route_set.rb:817:in `call'
  rack (1.6.10) lib/rack/etag.rb:24:in `call'
  rack (1.6.10) lib/rack/conditionalget.rb:25:in `call'
  rack (1.6.10) lib/rack/head.rb:13:in `call'
  actionpack (4.2.10) lib/action_dispatch/middleware/params_parser.rb:27:in `call'
  actionpack (4.2.10) lib/action_dispatch/middleware/flash.rb:260:in `call'
  rack (1.6.10) lib/rack/session/abstract/id.rb:225:in `context'
  rack (1.6.10) lib/rack/session/abstract/id.rb:220:in `call'
  actionpack (4.2.10) lib/action_dispatch/middleware/cookies.rb:560:in `call'
  activerecord (4.2.10) lib/active_record/query_cache.rb:36:in `call'
  activerecord (4.2.10) lib/active_record/connection_adapters/abstract/connection_pool.rb:653:in `call'
  actionpack (4.2.10) lib/action_dispatch/middleware/callbacks.rb:29:in `block in call'
  activesupport (4.2.10) lib/active_support/callbacks.rb:88:in `__run_callbacks__'
  activesupport (4.2.10) lib/active_support/callbacks.rb:778:in `_run_call_callbacks'
  activesupport (4.2.10) lib/active_support/callbacks.rb:81:in `run_callbacks'
  actionpack (4.2.10) lib/action_dispatch/middleware/callbacks.rb:27:in `call'
  actionpack (4.2.10) lib/action_dispatch/middleware/reloader.rb:73:in `call'
  actionpack (4.2.10) lib/action_dispatch/middleware/remote_ip.rb:78:in `call'
  actionpack (4.2.10) lib/action_dispatch/middleware/debug_exceptions.rb:17:in `call'
  actionpack (4.2.10) lib/action_dispatch/middleware/show_exceptions.rb:30:in `call'
  railties (4.2.10) lib/rails/rack/logger.rb:38:in `call_app'
  railties (4.2.10) lib/rails/rack/logger.rb:20:in `block in call'
  activesupport (4.2.10) lib/active_support/tagged_logging.rb:68:in `block in tagged'
  activesupport (4.2.10) lib/active_support/tagged_logging.rb:26:in `tagged'
  activesupport (4.2.10) lib/active_support/tagged_logging.rb:68:in `tagged'
  railties (4.2.10) lib/rails/rack/logger.rb:20:in `call'
  actionpack (4.2.10) lib/action_dispatch/middleware/request_id.rb:21:in `call'
  rack (1.6.10) lib/rack/methodoverride.rb:22:in `call'
  rack (1.6.10) lib/rack/runtime.rb:18:in `call'
  activesupport (4.2.10) lib/active_support/cache/strategy/local_cache_middleware.rb:28:in `call'
  rack (1.6.10) lib/rack/lock.rb:17:in `call'
  actionpack (4.2.10) lib/action_dispatch/middleware/static.rb:120:in `call'
  rack (1.6.10) lib/rack/sendfile.rb:113:in `call'
  railties (4.2.10) lib/rails/engine.rb:518:in `call'
  railties (4.2.10) lib/rails/application.rb:165:in `call'
  railties (4.2.10) lib/rails/railtie.rb:194:in `public_send'
  railties (4.2.10) lib/rails/railtie.rb:194:in `method_missing'
  rack (1.6.10) lib/rack/tempfile_reaper.rb:15:in `call'
  rack (1.6.10) lib/rack/lint.rb:49:in `_call'
  rack (1.6.10) lib/rack/lint.rb:37:in `call'
  rack (1.6.10) lib/rack/showexceptions.rb:24:in `call'
  rack (1.6.10) lib/rack/commonlogger.rb:33:in `call'
  rack (1.6.10) lib/rack/chunked.rb:54:in `call'
  rack (1.6.10) lib/rack/content_length.rb:15:in `call'
  rack (1.6.10) lib/rack/handler/webrick.rb:88:in `service'
  /usr/lib/ruby/2.6.0/webrick/httpserver.rb:140:in `service'
  /usr/lib/ruby/2.6.0/webrick/httpserver.rb:96:in `run'
  /usr/lib/ruby/2.6.0/webrick/server.rb:307:in `block in start_thread'


  Rendered /var/lib/gems/2.6.0/gems/actionpack-4.2.10/lib/action_dispatch/middleware/templates/rescues/_source.erb (5.2ms)
  Rendered /var/lib/gems/2.6.0/gems/actionpack-4.2.10/lib/action_dispatch/middleware/templates/rescues/_trace.html.erb (2.2ms)
  Rendered /var/lib/gems/2.6.0/gems/actionpack-4.2.10/lib/action_dispatch/middleware/templates/rescues/_request_and_response.html.erb (6.7ms)
  Rendered /var/lib/gems/2.6.0/gems/actionpack-4.2.10/lib/action_dispatch/middleware/templates/rescues/missing_template.html.erb within rescues/layout (22.0ms)


Started GET "/resume" for 209.2.229.18 at 2023-10-31 03:09:19 +0000
Processing by ResumeController#show as HTML
  Rendered resume/show.html.erb within layouts/application (0.5ms)
Completed 500 Internal Server Error in 2ms (ActiveRecord: 0.0ms)

SyntaxError (/home/codio/workspace/Iteration/app/views/resume/show.html.erb:12: unterminated string meets end of file
          end
              ^
/home/codio/workspace/Iteration/app/views/resume/show.html.erb:12: syntax error, unexpected end-of-input, expecting ')'):
  app/views/resume/show.html.erb:12: unterminated string meets end of file
  app/views/resume/show.html.erb:12: syntax error, unexpected end-of-input, expecting ')'


  Rendered /var/lib/gems/2.6.0/gems/actionpack-4.2.10/lib/action_dispatch/middleware/templates/rescues/_source.erb (5.7ms)
  Rendered /var/lib/gems/2.6.0/gems/actionpack-4.2.10/lib/action_dispatch/middleware/templates/rescues/_trace.html.erb (2.5ms)
  Rendered /var/lib/gems/2.6.0/gems/actionpack-4.2.10/lib/action_dispatch/middleware/templates/rescues/_request_and_response.html.erb (1.0ms)
  Rendered /var/lib/gems/2.6.0/gems/actionpack-4.2.10/lib/action_dispatch/middleware/templates/rescues/diagnostics.html.erb within rescues/layout (16.6ms)


Started GET "/resume" for 209.2.229.18 at 2023-10-31 03:10:43 +0000
Processing by ResumeController#show as HTML
  Rendered resume/show.html.erb within layouts/application (7.5ms)
Completed 500 Internal Server Error in 8ms (ActiveRecord: 0.0ms)

ActionView::Template::Error (undefined local variable or method `applicant_path' for #<#<Class:0x00007f87fc6dd360>:0x00007f87fc90e2d8>):
    3: <p>Upload your Resume!</p>
    4: 
    5: <div class="row">
    6:   <%= link_to 'Continue', applicant_path, :class => 'btn btn-primary col-2' %>
    7: </div>
  app/views/resume/show.html.erb:6:in `_app_views_resume_show_html_erb___66848169489276694_70111017330920'


  Rendered /var/lib/gems/2.6.0/gems/actionpack-4.2.10/lib/action_dispatch/middleware/templates/rescues/_source.erb (5.3ms)
  Rendered /var/lib/gems/2.6.0/gems/actionpack-4.2.10/lib/action_dispatch/middleware/templates/rescues/_trace.html.erb (2.2ms)
  Rendered /var/lib/gems/2.6.0/gems/actionpack-4.2.10/lib/action_dispatch/middleware/templates/rescues/_request_and_response.html.erb (0.9ms)
  Rendered /var/lib/gems/2.6.0/gems/actionpack-4.2.10/lib/action_dispatch/middleware/templates/rescues/template_error.html.erb within rescues/layout (15.4ms)


Started GET "/resume" for 209.2.229.18 at 2023-10-31 03:10:54 +0000
Processing by ResumeController#show as HTML
  Rendered resume/show.html.erb within layouts/application (0.3ms)
  Rendered layouts/_flash.erb (0.4ms)
Completed 200 OK in 295ms (Views: 294.5ms | ActiveRecord: 0.0ms)


Started GET "/assets/resume.self-e3b0c44298fc1c149afbf4c8996fb92427ae41e4649b934ca495991b7852b855.css?body=1" for 209.2.229.18 at 2023-10-31 03:10:55 +0000


Started GET "/assets/resume.self-19a187bec6cdb96d6de80a61c16c857c613536adf9138476bd367db38d282635.js?body=1" for 209.2.229.18 at 2023-10-31 03:10:55 +0000


Started GET "/resume" for 209.2.229.18 at 2023-10-31 03:11:19 +0000
Processing by ResumeController#show as HTML
  Rendered resume/show.html.erb within layouts/application (0.0ms)
  Rendered layouts/_flash.erb (0.1ms)
Completed 200 OK in 9ms (Views: 8.5ms | ActiveRecord: 0.0ms)


Started GET "/resume" for 209.2.229.18 at 2023-10-31 03:11:35 +0000

ActionController::RoutingError (uninitialized constant ApplicationController):
  app/controllers/resume_controller.rb:1:in `<top (required)>'


  Rendered /var/lib/gems/2.6.0/gems/actionpack-4.2.10/lib/action_dispatch/middleware/templates/rescues/_trace.html.erb (1.7ms)
  Rendered /var/lib/gems/2.6.0/gems/actionpack-4.2.10/lib/action_dispatch/middleware/templates/routes/_route.html.erb (0.6ms)
  Rendered /var/lib/gems/2.6.0/gems/actionpack-4.2.10/lib/action_dispatch/middleware/templates/routes/_table.html.erb (6.5ms)
  Rendered /var/lib/gems/2.6.0/gems/actionpack-4.2.10/lib/action_dispatch/middleware/templates/rescues/_request_and_response.html.erb (1.1ms)
  Rendered /var/lib/gems/2.6.0/gems/actionpack-4.2.10/lib/action_dispatch/middleware/templates/rescues/routing_error.html.erb within rescues/layout (18.7ms)


Started GET "/resume" for 209.2.229.18 at 2023-10-31 03:12:53 +0000

LoadError (Unable to autoload constant ApplicationController, expected /home/codio/workspace/Iteration/app/controllers/application_controller.rb to define it):
  app/controllers/resume_controller.rb:1:in `<top (required)>'


  Rendered /var/lib/gems/2.6.0/gems/actionpack-4.2.10/lib/action_dispatch/middleware/templates/rescues/_source.erb (3.9ms)
  Rendered /var/lib/gems/2.6.0/gems/actionpack-4.2.10/lib/action_dispatch/middleware/templates/rescues/_trace.html.erb (2.0ms)
  Rendered /var/lib/gems/2.6.0/gems/actionpack-4.2.10/lib/action_dispatch/middleware/templates/rescues/_request_and_response.html.erb (1.0ms)
  Rendered /var/lib/gems/2.6.0/gems/actionpack-4.2.10/lib/action_dispatch/middleware/templates/rescues/diagnostics.html.erb within rescues/layout (14.0ms)


Started GET "/resume" for 209.2.229.18 at 2023-10-31 03:14:25 +0000

LoadError (Unable to autoload constant ApplicationController, expected /home/codio/workspace/Iteration/app/controllers/application_controller.rb to define it):
  app/controllers/resume_controller.rb:1:in `<top (required)>'


  Rendered /var/lib/gems/2.6.0/gems/actionpack-4.2.10/lib/action_dispatch/middleware/templates/rescues/_source.erb (3.8ms)
  Rendered /var/lib/gems/2.6.0/gems/actionpack-4.2.10/lib/action_dispatch/middleware/templates/rescues/_trace.html.erb (1.9ms)
  Rendered /var/lib/gems/2.6.0/gems/actionpack-4.2.10/lib/action_dispatch/middleware/templates/rescues/_request_and_response.html.erb (6.5ms)
  Rendered /var/lib/gems/2.6.0/gems/actionpack-4.2.10/lib/action_dispatch/middleware/templates/rescues/diagnostics.html.erb within rescues/layout (20.1ms)


Started GET "/resume" for 209.2.229.18 at 2023-10-31 03:16:15 +0000

NoMethodError (undefined method `action' for ResumeController:Class):
  actionpack (4.2.10) lib/action_dispatch/routing/route_set.rb:74:in `dispatch'
  actionpack (4.2.10) lib/action_dispatch/routing/route_set.rb:43:in `serve'
  actionpack (4.2.10) lib/action_dispatch/journey/router.rb:43:in `block in serve'
  actionpack (4.2.10) lib/action_dispatch/journey/router.rb:30:in `each'
  actionpack (4.2.10) lib/action_dispatch/journey/router.rb:30:in `serve'
  actionpack (4.2.10) lib/action_dispatch/routing/route_set.rb:817:in `call'
  rack (1.6.10) lib/rack/etag.rb:24:in `call'
  rack (1.6.10) lib/rack/conditionalget.rb:25:in `call'
  rack (1.6.10) lib/rack/head.rb:13:in `call'
  actionpack (4.2.10) lib/action_dispatch/middleware/params_parser.rb:27:in `call'
  actionpack (4.2.10) lib/action_dispatch/middleware/flash.rb:260:in `call'
  rack (1.6.10) lib/rack/session/abstract/id.rb:225:in `context'
  rack (1.6.10) lib/rack/session/abstract/id.rb:220:in `call'
  actionpack (4.2.10) lib/action_dispatch/middleware/cookies.rb:560:in `call'
  activerecord (4.2.10) lib/active_record/query_cache.rb:36:in `call'
  activerecord (4.2.10) lib/active_record/connection_adapters/abstract/connection_pool.rb:653:in `call'
  actionpack (4.2.10) lib/action_dispatch/middleware/callbacks.rb:29:in `block in call'
  activesupport (4.2.10) lib/active_support/callbacks.rb:88:in `__run_callbacks__'
  activesupport (4.2.10) lib/active_support/callbacks.rb:778:in `_run_call_callbacks'
  activesupport (4.2.10) lib/active_support/callbacks.rb:81:in `run_callbacks'
  actionpack (4.2.10) lib/action_dispatch/middleware/callbacks.rb:27:in `call'
  actionpack (4.2.10) lib/action_dispatch/middleware/reloader.rb:73:in `call'
  actionpack (4.2.10) lib/action_dispatch/middleware/remote_ip.rb:78:in `call'
  actionpack (4.2.10) lib/action_dispatch/middleware/debug_exceptions.rb:17:in `call'
  actionpack (4.2.10) lib/action_dispatch/middleware/show_exceptions.rb:30:in `call'
  railties (4.2.10) lib/rails/rack/logger.rb:38:in `call_app'
  railties (4.2.10) lib/rails/rack/logger.rb:20:in `block in call'
  activesupport (4.2.10) lib/active_support/tagged_logging.rb:68:in `block in tagged'
  activesupport (4.2.10) lib/active_support/tagged_logging.rb:26:in `tagged'
  activesupport (4.2.10) lib/active_support/tagged_logging.rb:68:in `tagged'
  railties (4.2.10) lib/rails/rack/logger.rb:20:in `call'
  actionpack (4.2.10) lib/action_dispatch/middleware/request_id.rb:21:in `call'
  rack (1.6.10) lib/rack/methodoverride.rb:22:in `call'
  rack (1.6.10) lib/rack/runtime.rb:18:in `call'
  activesupport (4.2.10) lib/active_support/cache/strategy/local_cache_middleware.rb:28:in `call'
  rack (1.6.10) lib/rack/lock.rb:17:in `call'
  actionpack (4.2.10) lib/action_dispatch/middleware/static.rb:120:in `call'
  rack (1.6.10) lib/rack/sendfile.rb:113:in `call'
  railties (4.2.10) lib/rails/engine.rb:518:in `call'
  railties (4.2.10) lib/rails/application.rb:165:in `call'
  railties (4.2.10) lib/rails/railtie.rb:194:in `public_send'
  railties (4.2.10) lib/rails/railtie.rb:194:in `method_missing'
  rack (1.6.10) lib/rack/tempfile_reaper.rb:15:in `call'
  rack (1.6.10) lib/rack/lint.rb:49:in `_call'
  rack (1.6.10) lib/rack/lint.rb:37:in `call'
  rack (1.6.10) lib/rack/showexceptions.rb:24:in `call'
  rack (1.6.10) lib/rack/commonlogger.rb:33:in `call'
  rack (1.6.10) lib/rack/chunked.rb:54:in `call'
  rack (1.6.10) lib/rack/content_length.rb:15:in `call'
  rack (1.6.10) lib/rack/handler/webrick.rb:88:in `service'
  /usr/lib/ruby/2.6.0/webrick/httpserver.rb:140:in `service'
  /usr/lib/ruby/2.6.0/webrick/httpserver.rb:96:in `run'
  /usr/lib/ruby/2.6.0/webrick/server.rb:307:in `block in start_thread'


  Rendered /var/lib/gems/2.6.0/gems/actionpack-4.2.10/lib/action_dispatch/middleware/templates/rescues/_source.erb (3.0ms)
  Rendered /var/lib/gems/2.6.0/gems/actionpack-4.2.10/lib/action_dispatch/middleware/templates/rescues/_trace.html.erb (1.6ms)
  Rendered /var/lib/gems/2.6.0/gems/actionpack-4.2.10/lib/action_dispatch/middleware/templates/rescues/_request_and_response.html.erb (1.1ms)
  Rendered /var/lib/gems/2.6.0/gems/actionpack-4.2.10/lib/action_dispatch/middleware/templates/rescues/diagnostics.html.erb within rescues/layout (13.1ms)


Started GET "/resume" for 209.2.229.18 at 2023-10-31 03:17:09 +0000

LoadError (Unable to autoload constant ApplicationController, expected /home/codio/workspace/Iteration/app/controllers/application_controller.rb to define it):
  app/controllers/resume_controller.rb:1:in `<top (required)>'


  Rendered /var/lib/gems/2.6.0/gems/actionpack-4.2.10/lib/action_dispatch/middleware/templates/rescues/_source.erb (3.9ms)
  Rendered /var/lib/gems/2.6.0/gems/actionpack-4.2.10/lib/action_dispatch/middleware/templates/rescues/_trace.html.erb (1.9ms)
  Rendered /var/lib/gems/2.6.0/gems/actionpack-4.2.10/lib/action_dispatch/middleware/templates/rescues/_request_and_response.html.erb (1.1ms)
  Rendered /var/lib/gems/2.6.0/gems/actionpack-4.2.10/lib/action_dispatch/middleware/templates/rescues/diagnostics.html.erb within rescues/layout (14.6ms)


Started GET "/resume" for 209.2.229.18 at 2023-10-31 03:17:55 +0000

LoadError (Unable to autoload constant ApplicationController, expected /home/codio/workspace/Iteration/app/controllers/application_controller.rb to define it):
  app/controllers/resume_controller.rb:1:in `<top (required)>'


  Rendered /var/lib/gems/2.6.0/gems/actionpack-4.2.10/lib/action_dispatch/middleware/templates/rescues/_source.erb (3.7ms)
  Rendered /var/lib/gems/2.6.0/gems/actionpack-4.2.10/lib/action_dispatch/middleware/templates/rescues/_trace.html.erb (1.7ms)
  Rendered /var/lib/gems/2.6.0/gems/actionpack-4.2.10/lib/action_dispatch/middleware/templates/rescues/_request_and_response.html.erb (0.9ms)
  Rendered /var/lib/gems/2.6.0/gems/actionpack-4.2.10/lib/action_dispatch/middleware/templates/rescues/diagnostics.html.erb within rescues/layout (13.1ms)


Started GET "/resume" for 209.2.229.18 at 2023-10-31 03:19:34 +0000
Processing by ResumeController#show as HTML
  Rendered resume/show.html.erb within layouts/application (0.3ms)
  Rendered layouts/_flash.erb (0.4ms)
Completed 200 OK in 196ms (Views: 195.9ms | ActiveRecord: 0.0ms)


Started GET "/resume" for 209.2.229.18 at 2023-10-31 03:19:47 +0000
Processing by ResumeController#show as HTML
  Rendered resume/show.html.erb within layouts/application (0.0ms)
  Rendered layouts/_flash.erb (0.1ms)
Completed 200 OK in 10ms (Views: 9.8ms | ActiveRecord: 0.0ms)


Started GET "/resume" for 209.2.229.18 at 2023-10-31 03:19:48 +0000
Processing by ResumeController#show as HTML
  Rendered resume/show.html.erb within layouts/application (0.0ms)
  Rendered layouts/_flash.erb (0.1ms)
Completed 200 OK in 42ms (Views: 41.8ms | ActiveRecord: 0.0ms)


Started GET "/resume" for 209.2.229.18 at 2023-10-31 03:20:19 +0000
Processing by ResumeController#show as HTML
  Rendered resume/show.html.erb within layouts/application (1.2ms)
  Rendered layouts/_flash.erb (0.6ms)
Completed 200 OK in 188ms (Views: 187.3ms | ActiveRecord: 0.0ms)


Started GET "/resume" for 209.2.229.18 at 2023-10-31 03:21:00 +0000
Processing by ResumeController#show as HTML
  Rendered resume/show.html.erb within layouts/application (11.8ms)
Completed 500 Internal Server Error in 14ms (ActiveRecord: 0.0ms)

ActionView::Template::Error (undefined local variable or method `applicant_path' for #<#<Class:0x00007f0f2c6c2a90>:0x000055b3ed5dc8b0>):
    3: <p>Upload your Resume!</p>
    4: 
    5: <div class="row">
    6:   <%= link_to 'Continue', applicant_path, :class => 'btn btn-primary col-2' %>
    7: </div>
  app/views/resume/show.html.erb:6:in `_app_views_resume_show_html_erb___4164781087937185701_47115625654960'


  Rendered /var/lib/gems/2.6.0/gems/actionpack-4.2.10/lib/action_dispatch/middleware/templates/rescues/_source.erb (8.1ms)
  Rendered /var/lib/gems/2.6.0/gems/actionpack-4.2.10/lib/action_dispatch/middleware/templates/rescues/_trace.html.erb (3.5ms)
  Rendered /var/lib/gems/2.6.0/gems/actionpack-4.2.10/lib/action_dispatch/middleware/templates/rescues/_request_and_response.html.erb (1.5ms)
  Rendered /var/lib/gems/2.6.0/gems/actionpack-4.2.10/lib/action_dispatch/middleware/templates/rescues/template_error.html.erb within rescues/layout (23.3ms)


Started GET "/resume" for 209.2.229.18 at 2023-10-31 03:21:14 +0000
Processing by ResumeController#show as HTML
  Rendered resume/show.html.erb within layouts/application (0.3ms)
  Rendered layouts/_flash.erb (0.1ms)
Completed 200 OK in 8ms (Views: 8.2ms | ActiveRecord: 0.0ms)


Started GET "/" for 209.2.231.106 at 2023-10-31 03:23:08 +0000
Processing by Rails::WelcomeController#index as HTML
  Rendered /var/lib/gems/2.6.0/gems/railties-4.2.10/lib/rails/templates/rails/welcome/index.html.erb (0.7ms)
Completed 200 OK in 18ms (Views: 18.2ms | ActiveRecord: 0.0ms)


Started GET "/resume" for 209.2.229.18 at 2023-10-31 03:23:50 +0000
Processing by ResumeController#show as HTML
  Rendered resume/show.html.erb within layouts/application (0.0ms)
  Rendered layouts/_flash.erb (0.1ms)
Completed 200 OK in 12ms (Views: 11.9ms | ActiveRecord: 0.0ms)


Started GET "/resume" for 209.2.229.18 at 2023-10-31 03:27:01 +0000
Processing by ResumeController#show as HTML
  Rendered resume/show.html.erb within layouts/application (1.0ms)
  Rendered layouts/_flash.erb (0.5ms)
Completed 200 OK in 171ms (Views: 171.0ms | ActiveRecord: 0.0ms)


Started GET "/" for 209.2.231.106 at 2023-10-31 03:27:01 +0000
Processing by Rails::WelcomeController#index as HTML
  Rendered /var/lib/gems/2.6.0/gems/railties-4.2.10/lib/rails/templates/rails/welcome/index.html.erb (0.7ms)
Completed 200 OK in 5ms (Views: 4.9ms | ActiveRecord: 0.0ms)


Started GET "/" for 209.2.231.106 at 2023-10-31 03:27:17 +0000
Processing by Rails::WelcomeController#index as HTML
  Rendered /var/lib/gems/2.6.0/gems/railties-4.2.10/lib/rails/templates/rails/welcome/index.html.erb (0.0ms)
Completed 200 OK in 1ms (Views: 0.7ms | ActiveRecord: 0.0ms)


Started GET "/resume" for 209.2.229.18 at 2023-10-31 03:27:19 +0000
Processing by ResumeController#show as HTML
  Rendered resume/show.html.erb within layouts/application (0.0ms)
  Rendered layouts/_flash.erb (0.1ms)
Completed 200 OK in 10ms (Views: 9.8ms | ActiveRecord: 0.0ms)


Started GET "/resume" for 209.2.229.18 at 2023-10-31 03:28:37 +0000
Processing by ResumeController#show as HTML
  Rendered resume/show.html.erb within layouts/application (1.8ms)
  Rendered layouts/_flash.erb (0.6ms)
Completed 200 OK in 222ms (Views: 221.5ms | ActiveRecord: 0.0ms)


Started GET "/uploaded" for 209.2.229.18 at 2023-10-31 03:28:38 +0000
Processing by ResumeController#uploaded as HTML
  Rendered resume/uploaded.html.erb within layouts/application (0.3ms)
  Rendered layouts/_flash.erb (0.1ms)
Completed 200 OK in 9ms (Views: 9.2ms | ActiveRecord: 0.0ms)


Started GET "/uploaded" for 209.2.229.18 at 2023-10-31 03:29:43 +0000
Processing by ResumeController#uploaded as HTML
  Rendered resume/uploaded.html.erb within layouts/application (0.0ms)
  Rendered layouts/_flash.erb (0.1ms)
Completed 200 OK in 8ms (Views: 8.0ms | ActiveRecord: 0.0ms)


Started GET "/" for 209.2.231.106 at 2023-10-31 03:29:58 +0000
Processing by Rails::WelcomeController#index as HTML
  Rendered /var/lib/gems/2.6.0/gems/railties-4.2.10/lib/rails/templates/rails/welcome/index.html.erb (0.6ms)
Completed 200 OK in 5ms (Views: 4.9ms | ActiveRecord: 0.0ms)


Started GET "/resume" for 209.2.229.18 at 2023-10-31 03:30:06 +0000
Processing by ResumeController#show as HTML
  Rendered resume/show.html.erb within layouts/application (0.2ms)
  Rendered layouts/_flash.erb (0.1ms)
Completed 200 OK in 8ms (Views: 8.3ms | ActiveRecord: 0.0ms)


Started GET "/uploaded" for 209.2.229.18 at 2023-10-31 03:30:09 +0000
Processing by ResumeController#uploaded as HTML
  Rendered resume/uploaded.html.erb within layouts/application (20.8ms)
Completed 500 Internal Server Error in 23ms (ActiveRecord: 0.0ms)

ActionView::Template::Error (undefined local variable or method `show_path' for #<#<Class:0x00007fdd8c6c62d8>:0x00007fdd8db7ca60>):
    1: <p> Hi </p>
    2: 
    3: <div class="row">
    4:   <%= link_to 'Continue', show_path, :class => 'btn btn-primary col-2' %>
    5: </div>
  app/views/resume/uploaded.html.erb:4:in `_app_views_resume_uploaded_html_erb___2627089599088056720_47390621134540'


  Rendered /var/lib/gems/2.6.0/gems/actionpack-4.2.10/lib/action_dispatch/middleware/templates/rescues/_source.erb (5.5ms)
  Rendered /var/lib/gems/2.6.0/gems/actionpack-4.2.10/lib/action_dispatch/middleware/templates/rescues/_trace.html.erb (2.4ms)
  Rendered /var/lib/gems/2.6.0/gems/actionpack-4.2.10/lib/action_dispatch/middleware/templates/rescues/_request_and_response.html.erb (1.0ms)
  Rendered /var/lib/gems/2.6.0/gems/actionpack-4.2.10/lib/action_dispatch/middleware/templates/rescues/template_error.html.erb within rescues/layout (16.0ms)


Started GET "/uploaded" for 209.2.229.18 at 2023-10-31 03:31:03 +0000
Processing by ResumeController#uploaded as HTML
  Rendered resume/uploaded.html.erb within layouts/application (0.4ms)
  Rendered layouts/_flash.erb (0.1ms)
Completed 200 OK in 9ms (Views: 8.6ms | ActiveRecord: 0.0ms)


Started GET "/resume" for 209.2.229.18 at 2023-10-31 03:31:04 +0000
Processing by ResumeController#show as HTML
  Rendered resume/show.html.erb within layouts/application (0.1ms)
  Rendered layouts/_flash.erb (0.1ms)
Completed 200 OK in 9ms (Views: 8.7ms | ActiveRecord: 0.0ms)


Started GET "/" for 209.2.231.106 at 2023-10-31 03:31:07 +0000
Processing by Rails::WelcomeController#index as HTML
  Rendered /var/lib/gems/2.6.0/gems/railties-4.2.10/lib/rails/templates/rails/welcome/index.html.erb (0.1ms)
Completed 200 OK in 1ms (Views: 0.7ms | ActiveRecord: 0.0ms)


Started GET "/" for 209.2.231.106 at 2023-10-31 03:31:11 +0000
Processing by Rails::WelcomeController#index as HTML
  Rendered /var/lib/gems/2.6.0/gems/railties-4.2.10/lib/rails/templates/rails/welcome/index.html.erb (0.0ms)
Completed 200 OK in 1ms (Views: 0.6ms | ActiveRecord: 0.0ms)


Started GET "/resume" for 209.2.229.18 at 2023-10-31 03:31:15 +0000
Processing by ResumeController#show as HTML
  Rendered resume/show.html.erb within layouts/application (0.1ms)
  Rendered layouts/_flash.erb (0.1ms)
Completed 200 OK in 8ms (Views: 8.2ms | ActiveRecord: 0.0ms)


Started GET "/uploaded" for 209.2.229.18 at 2023-10-31 03:31:16 +0000
Processing by ResumeController#uploaded as HTML
  Rendered resume/uploaded.html.erb within layouts/application (0.8ms)
  Rendered layouts/_flash.erb (0.1ms)
Completed 200 OK in 10ms (Views: 9.7ms | ActiveRecord: 0.0ms)


Started GET "/resume" for 209.2.229.18 at 2023-10-31 03:31:17 +0000
Processing by ResumeController#show as HTML
  Rendered resume/show.html.erb within layouts/application (0.1ms)
  Rendered layouts/_flash.erb (0.1ms)
Completed 200 OK in 9ms (Views: 8.3ms | ActiveRecord: 0.0ms)


Started GET "/uploaded" for 209.2.229.18 at 2023-10-31 03:31:41 +0000
Processing by ResumeController#uploaded as HTML
  Rendered resume/uploaded.html.erb within layouts/application (0.4ms)
  Rendered layouts/_flash.erb (0.1ms)
Completed 200 OK in 8ms (Views: 8.1ms | ActiveRecord: 0.0ms)


Started GET "/resume" for 209.2.229.18 at 2023-10-31 03:31:42 +0000
Processing by ResumeController#show as HTML
  Rendered resume/show.html.erb within layouts/application (0.1ms)
  Rendered layouts/_flash.erb (0.1ms)
Completed 200 OK in 8ms (Views: 8.0ms | ActiveRecord: 0.0ms)


Started GET "/uploaded" for 209.2.229.18 at 2023-10-31 03:32:03 +0000
Processing by ResumeController#uploaded as HTML
  Rendered resume/uploaded.html.erb within layouts/application (0.1ms)
  Rendered layouts/_flash.erb (0.1ms)
Completed 200 OK in 8ms (Views: 8.3ms | ActiveRecord: 0.0ms)


Started GET "/resume" for 209.2.229.18 at 2023-10-31 03:32:04 +0000
Processing by ResumeController#show as HTML
  Rendered resume/show.html.erb within layouts/application (0.2ms)
  Rendered layouts/_flash.erb (0.1ms)
Completed 200 OK in 11ms (Views: 10.9ms | ActiveRecord: 0.0ms)


Started GET "/uploaded" for 209.2.229.18 at 2023-10-31 03:32:09 +0000
Processing by ResumeController#uploaded as HTML
  Rendered resume/uploaded.html.erb within layouts/application (0.1ms)
  Rendered layouts/_flash.erb (0.0ms)
Completed 200 OK in 8ms (Views: 8.1ms | ActiveRecord: 0.0ms)


Started GET "/resume" for 209.2.229.18 at 2023-10-31 03:32:10 +0000
Processing by ResumeController#show as HTML
  Rendered resume/show.html.erb within layouts/application (0.1ms)
  Rendered layouts/_flash.erb (0.0ms)
Completed 200 OK in 8ms (Views: 7.9ms | ActiveRecord: 0.0ms)


Started GET "/uploaded" for 209.2.229.18 at 2023-10-31 03:32:12 +0000
Processing by ResumeController#uploaded as HTML
  Rendered resume/uploaded.html.erb within layouts/application (0.1ms)
  Rendered layouts/_flash.erb (0.1ms)
Completed 200 OK in 8ms (Views: 8.3ms | ActiveRecord: 0.0ms)


Started GET "/uploaded" for 209.2.229.18 at 2023-10-31 03:32:51 +0000
Processing by ResumeController#uploaded as HTML
  Rendered resume/uploaded.html.erb within layouts/application (0.5ms)
Completed 500 Internal Server Error in 2ms (ActiveRecord: 0.0ms)

SyntaxError (/home/codio/workspace/Iteration/app/views/resume/uploaded.html.erb:3: syntax error, unexpected ',', expecting '.' or &. or :: or '['
...end=( text_field, :description, :class => 'form-control' );@...
...                              ^):
  app/views/resume/uploaded.html.erb:3: syntax error, unexpected ',', expecting '.' or &. or :: or '['


  Rendered /var/lib/gems/2.6.0/gems/actionpack-4.2.10/lib/action_dispatch/middleware/templates/rescues/_source.erb (7.8ms)
  Rendered /var/lib/gems/2.6.0/gems/actionpack-4.2.10/lib/action_dispatch/middleware/templates/rescues/_trace.html.erb (3.8ms)
  Rendered /var/lib/gems/2.6.0/gems/actionpack-4.2.10/lib/action_dispatch/middleware/templates/rescues/_request_and_response.html.erb (1.7ms)
  Rendered /var/lib/gems/2.6.0/gems/actionpack-4.2.10/lib/action_dispatch/middleware/templates/rescues/diagnostics.html.erb within rescues/layout (23.5ms)


Started GET "/uploaded" for 209.2.229.18 at 2023-10-31 03:33:57 +0000
Processing by ResumeController#uploaded as HTML
  Rendered resume/uploaded.html.erb within layouts/application (5.7ms)
  Rendered layouts/_flash.erb (0.1ms)
Completed 200 OK in 14ms (Views: 13.6ms | ActiveRecord: 0.0ms)


Started GET "/uploaded" for 209.2.229.18 at 2023-10-31 03:34:14 +0000
Processing by ResumeController#uploaded as HTML
  Rendered resume/uploaded.html.erb within layouts/application (0.6ms)
  Rendered layouts/_flash.erb (0.1ms)
Completed 200 OK in 10ms (Views: 9.4ms | ActiveRecord: 0.0ms)


Started GET "/" for 209.2.231.106 at 2023-10-31 03:35:00 +0000
Processing by Rails::WelcomeController#index as HTML
  Rendered /var/lib/gems/2.6.0/gems/railties-4.2.10/lib/rails/templates/rails/welcome/index.html.erb (0.0ms)
Completed 200 OK in 1ms (Views: 0.7ms | ActiveRecord: 0.0ms)


Started GET "/uploaded" for 209.2.229.18 at 2023-10-31 03:35:10 +0000
Processing by ResumeController#uploaded as HTML
  Rendered resume/uploaded.html.erb within layouts/application (0.7ms)
  Rendered layouts/_flash.erb (0.1ms)
Completed 200 OK in 9ms (Views: 8.4ms | ActiveRecord: 0.0ms)


Started GET "/" for 209.2.231.106 at 2023-10-31 03:36:25 +0000
Processing by Rails::WelcomeController#index as HTML
  Rendered /var/lib/gems/2.6.0/gems/railties-4.2.10/lib/rails/templates/rails/welcome/index.html.erb (1.5ms)
Completed 200 OK in 10ms (Views: 9.7ms | ActiveRecord: 0.0ms)


Started GET "/" for 209.2.231.106 at 2023-10-31 03:38:59 +0000
Processing by Rails::WelcomeController#index as HTML
  Rendered /var/lib/gems/2.6.0/gems/railties-4.2.10/lib/rails/templates/rails/welcome/index.html.erb (1.3ms)
Completed 200 OK in 8ms (Views: 8.2ms | ActiveRecord: 0.0ms)


Started GET "/" for 209.2.231.106 at 2023-10-31 03:40:03 +0000
Processing by Rails::WelcomeController#index as HTML
  Rendered /var/lib/gems/2.6.0/gems/railties-4.2.10/lib/rails/templates/rails/welcome/index.html.erb (1.5ms)
Completed 200 OK in 12ms (Views: 11.9ms | ActiveRecord: 0.0ms)


Started GET "/" for 209.2.231.106 at 2023-10-31 03:40:09 +0000
Processing by Rails::WelcomeController#index as HTML
  Rendered /var/lib/gems/2.6.0/gems/railties-4.2.10/lib/rails/templates/rails/welcome/index.html.erb (1.3ms)
Completed 200 OK in 8ms (Views: 8.0ms | ActiveRecord: 0.0ms)


Started GET "/" for 209.2.231.106 at 2023-10-31 03:40:17 +0000
Processing by Rails::WelcomeController#index as HTML
  Rendered /var/lib/gems/2.6.0/gems/railties-4.2.10/lib/rails/templates/rails/welcome/index.html.erb (0.0ms)
Completed 200 OK in 1ms (Views: 0.7ms | ActiveRecord: 0.0ms)


Started GET "/" for 209.2.231.106 at 2023-10-31 03:42:50 +0000
Processing by Rails::WelcomeController#index as HTML
  Rendered /var/lib/gems/2.6.0/gems/railties-4.2.10/lib/rails/templates/rails/welcome/index.html.erb (0.0ms)
Completed 200 OK in 1ms (Views: 0.7ms | ActiveRecord: 0.0ms)


Started GET "/" for 209.2.231.106 at 2023-10-31 03:42:56 +0000
Processing by Rails::WelcomeController#index as HTML
  Rendered /var/lib/gems/2.6.0/gems/railties-4.2.10/lib/rails/templates/rails/welcome/index.html.erb (1.3ms)
Completed 200 OK in 11ms (Views: 11.1ms | ActiveRecord: 0.0ms)


Started GET "/" for 209.2.231.106 at 2023-10-31 03:46:01 +0000
Processing by Rails::WelcomeController#index as HTML
  Rendered /var/lib/gems/2.6.0/gems/railties-4.2.10/lib/rails/templates/rails/welcome/index.html.erb (0.1ms)
Completed 200 OK in 1ms (Views: 0.8ms | ActiveRecord: 0.0ms)


Started GET "/" for 209.2.231.106 at 2023-10-31 03:46:05 +0000
Processing by Rails::WelcomeController#index as HTML
  Rendered /var/lib/gems/2.6.0/gems/railties-4.2.10/lib/rails/templates/rails/welcome/index.html.erb (1.3ms)
Completed 200 OK in 10ms (Views: 9.4ms | ActiveRecord: 0.0ms)


Started GET "/" for 2603:7000:9a00:cb5:6827:935b:bb35:3486 at 2023-10-31 16:48:36 +0000
Processing by Rails::WelcomeController#index as HTML
  Rendered /var/lib/gems/2.6.0/gems/railties-4.2.10/lib/rails/templates/rails/welcome/index.html.erb (1.4ms)
Completed 200 OK in 9ms (Views: 8.7ms | ActiveRecord: 0.0ms)
